ERROR - 2025-01-17 01:53:05 --> mysqli_sql_exception: Invalid default value for 'created_at' in C:\xampp\htdocs\galeryart\system\Database\MySQLi\Connection.php:312
Stack trace:
#0 C:\xampp\htdocs\galeryart\system\Database\MySQLi\Connection.php(312): mysqli->query('CREATE TABLE `t...', 0)
#1 C:\xampp\htdocs\galeryart\system\Database\BaseConnection.php(734): CodeIgniter\Database\MySQLi\Connection->execute('CREATE TABLE `t...')
#2 C:\xampp\htdocs\galeryart\system\Database\BaseConnection.php(648): CodeIgniter\Database\BaseConnection->simpleQuery('CREATE TABLE `t...')
#3 C:\xampp\htdocs\galeryart\system\Database\Forge.php(570): CodeIgniter\Database\BaseConnection->query('CREATE TABLE `t...')
#4 C:\xampp\htdocs\galeryart\app\Database\Migrations\2025-01-17-014645_TArtistas.php(52): CodeIgniter\Database\Forge->createTable('t_artists')
#5 C:\xampp\htdocs\galeryart\system\Database\MigrationRunner.php(866): App\Database\Migrations\TArtistas->up()
#6 C:\xampp\htdocs\galeryart\system\Database\MigrationRunner.php(182): CodeIgniter\Database\MigrationRunner->migrate('up', Object(stdClass))
#7 C:\xampp\htdocs\galeryart\system\Commands\Database\Migrate.php(85): CodeIgniter\Database\MigrationRunner->latest(NULL)
#8 C:\xampp\htdocs\galeryart\system\CLI\Commands.php(70): CodeIgniter\Commands\Database\Migrate->run(Array)
#9 C:\xampp\htdocs\galeryart\system\CLI\Console.php(48): CodeIgniter\CLI\Commands->run('migrate', Array)
#10 C:\xampp\htdocs\galeryart\system\Boot.php(360): CodeIgniter\CLI\Console->run()
#11 C:\xampp\htdocs\galeryart\system\Boot.php(104): CodeIgniter\Boot::runCommand(Object(CodeIgniter\CLI\Console))
#12 C:\xampp\htdocs\galeryart\spark(84): CodeIgniter\Boot::bootSpark(Object(Config\Paths))
#13 {main}
ERROR - 2025-01-17 01:54:06 --> mysqli_sql_exception: Invalid default value for 'created_at' in C:\xampp\htdocs\galeryart\system\Database\MySQLi\Connection.php:312
Stack trace:
#0 C:\xampp\htdocs\galeryart\system\Database\MySQLi\Connection.php(312): mysqli->query('CREATE TABLE `t...', 0)
#1 C:\xampp\htdocs\galeryart\system\Database\BaseConnection.php(734): CodeIgniter\Database\MySQLi\Connection->execute('CREATE TABLE `t...')
#2 C:\xampp\htdocs\galeryart\system\Database\BaseConnection.php(648): CodeIgniter\Database\BaseConnection->simpleQuery('CREATE TABLE `t...')
#3 C:\xampp\htdocs\galeryart\system\Database\Forge.php(570): CodeIgniter\Database\BaseConnection->query('CREATE TABLE `t...')
#4 C:\xampp\htdocs\galeryart\app\Database\Migrations\2025-01-17-014645_TArtistas.php(52): CodeIgniter\Database\Forge->createTable('t_artists')
#5 C:\xampp\htdocs\galeryart\system\Database\MigrationRunner.php(866): App\Database\Migrations\TArtistas->up()
#6 C:\xampp\htdocs\galeryart\system\Database\MigrationRunner.php(182): CodeIgniter\Database\MigrationRunner->migrate('up', Object(stdClass))
#7 C:\xampp\htdocs\galeryart\system\Commands\Database\Migrate.php(85): CodeIgniter\Database\MigrationRunner->latest(NULL)
#8 C:\xampp\htdocs\galeryart\system\CLI\Commands.php(70): CodeIgniter\Commands\Database\Migrate->run(Array)
#9 C:\xampp\htdocs\galeryart\system\CLI\Console.php(48): CodeIgniter\CLI\Commands->run('migrate', Array)
#10 C:\xampp\htdocs\galeryart\system\Boot.php(360): CodeIgniter\CLI\Console->run()
#11 C:\xampp\htdocs\galeryart\system\Boot.php(104): CodeIgniter\Boot::runCommand(Object(CodeIgniter\CLI\Console))
#12 C:\xampp\htdocs\galeryart\spark(84): CodeIgniter\Boot::bootSpark(Object(Config\Paths))
#13 {main}
ERROR - 2025-01-17 01:57:33 --> mysqli_sql_exception: Invalid default value for 'created_at' in C:\xampp\htdocs\galeryart\system\Database\MySQLi\Connection.php:312
Stack trace:
#0 C:\xampp\htdocs\galeryart\system\Database\MySQLi\Connection.php(312): mysqli->query('CREATE TABLE `t...', 0)
#1 C:\xampp\htdocs\galeryart\system\Database\BaseConnection.php(734): CodeIgniter\Database\MySQLi\Connection->execute('CREATE TABLE `t...')
#2 C:\xampp\htdocs\galeryart\system\Database\BaseConnection.php(648): CodeIgniter\Database\BaseConnection->simpleQuery('CREATE TABLE `t...')
#3 C:\xampp\htdocs\galeryart\system\Database\Forge.php(570): CodeIgniter\Database\BaseConnection->query('CREATE TABLE `t...')
#4 C:\xampp\htdocs\galeryart\app\Database\Migrations\2025-01-17-014645_TArtistas.php(52): CodeIgniter\Database\Forge->createTable('t_artistas')
#5 C:\xampp\htdocs\galeryart\system\Database\MigrationRunner.php(866): App\Database\Migrations\TArtistas->up()
#6 C:\xampp\htdocs\galeryart\system\Database\MigrationRunner.php(182): CodeIgniter\Database\MigrationRunner->migrate('up', Object(stdClass))
#7 C:\xampp\htdocs\galeryart\system\Commands\Database\Migrate.php(85): CodeIgniter\Database\MigrationRunner->latest(NULL)
#8 C:\xampp\htdocs\galeryart\system\CLI\Commands.php(70): CodeIgniter\Commands\Database\Migrate->run(Array)
#9 C:\xampp\htdocs\galeryart\system\CLI\Console.php(48): CodeIgniter\CLI\Commands->run('migrate', Array)
#10 C:\xampp\htdocs\galeryart\system\Boot.php(360): CodeIgniter\CLI\Console->run()
#11 C:\xampp\htdocs\galeryart\system\Boot.php(104): CodeIgniter\Boot::runCommand(Object(CodeIgniter\CLI\Console))
#12 C:\xampp\htdocs\galeryart\spark(84): CodeIgniter\Boot::bootSpark(Object(Config\Paths))
#13 {main}
CRITICAL - 2025-01-17 02:10:13 --> Error: Class "Codeigniter\Model" not found
[Method: GET, Route: /]
in APPPATH\Models\CrudArtistaModel.php on line 5.
 1 SYSTEMPATH\Autoloader\Autoloader.php(316): include_once()
 2 SYSTEMPATH\Autoloader\Autoloader.php(295): CodeIgniter\Autoloader\Autoloader->includeFile('C:\\xampp\\htdocs\\galeryart\\app\\Models\\CrudArtistaModel.php')
 3 SYSTEMPATH\Autoloader\Autoloader.php(271): CodeIgniter\Autoloader\Autoloader->loadInNamespace('App\\Models\\CrudArtistaModel')
 4 APPPATH\Controllers\CrudArtista.php(13): CodeIgniter\Autoloader\Autoloader->loadClass('App\\Models\\CrudArtistaModel')
 5 SYSTEMPATH\CodeIgniter.php(933): App\Controllers\CrudArtista->index()
 6 SYSTEMPATH\CodeIgniter.php(509): CodeIgniter\CodeIgniter->runController(Object(App\Controllers\CrudArtista))
 7 SYSTEMPATH\CodeIgniter.php(355): CodeIgniter\CodeIgniter->handleRequest(null, Object(Config\Cache), false)
 8 SYSTEMPATH\Boot.php(334): CodeIgniter\CodeIgniter->run()
 9 SYSTEMPATH\Boot.php(67): CodeIgniter\Boot::runCodeIgniter(Object(CodeIgniter\CodeIgniter))
10 FCPATH\index.php(56): CodeIgniter\Boot::bootWeb(Object(Config\Paths))
CRITICAL - 2025-01-17 02:10:23 --> Error: Class "Codeigniter\Model" not found
[Method: GET, Route: /]
in APPPATH\Models\CrudArtistaModel.php on line 5.
 1 SYSTEMPATH\Autoloader\Autoloader.php(316): include_once()
 2 SYSTEMPATH\Autoloader\Autoloader.php(295): CodeIgniter\Autoloader\Autoloader->includeFile('C:\\xampp\\htdocs\\galeryart\\app\\Models\\CrudArtistaModel.php')
 3 SYSTEMPATH\Autoloader\Autoloader.php(271): CodeIgniter\Autoloader\Autoloader->loadInNamespace('App\\Models\\CrudArtistaModel')
 4 APPPATH\Controllers\CrudArtista.php(13): CodeIgniter\Autoloader\Autoloader->loadClass('App\\Models\\CrudArtistaModel')
 5 SYSTEMPATH\CodeIgniter.php(933): App\Controllers\CrudArtista->index()
 6 SYSTEMPATH\CodeIgniter.php(509): CodeIgniter\CodeIgniter->runController(Object(App\Controllers\CrudArtista))
 7 SYSTEMPATH\CodeIgniter.php(355): CodeIgniter\CodeIgniter->handleRequest(null, Object(Config\Cache), false)
 8 SYSTEMPATH\Boot.php(334): CodeIgniter\CodeIgniter->run()
 9 SYSTEMPATH\Boot.php(67): CodeIgniter\Boot::runCodeIgniter(Object(CodeIgniter\CodeIgniter))
10 FCPATH\index.php(56): CodeIgniter\Boot::bootWeb(Object(Config\Paths))
CRITICAL - 2025-01-17 02:10:34 --> Error: Class "Codeigniter\Model" not found
[Method: GET, Route: /]
in APPPATH\Models\CrudArtistaModel.php on line 5.
 1 SYSTEMPATH\Autoloader\Autoloader.php(316): include_once()
 2 SYSTEMPATH\Autoloader\Autoloader.php(295): CodeIgniter\Autoloader\Autoloader->includeFile('C:\\xampp\\htdocs\\galeryart\\app\\Models\\CrudArtistaModel.php')
 3 SYSTEMPATH\Autoloader\Autoloader.php(271): CodeIgniter\Autoloader\Autoloader->loadInNamespace('App\\Models\\CrudArtistaModel')
 4 APPPATH\Controllers\CrudArtista.php(13): CodeIgniter\Autoloader\Autoloader->loadClass('App\\Models\\CrudArtistaModel')
 5 SYSTEMPATH\CodeIgniter.php(933): App\Controllers\CrudArtista->index()
 6 SYSTEMPATH\CodeIgniter.php(509): CodeIgniter\CodeIgniter->runController(Object(App\Controllers\CrudArtista))
 7 SYSTEMPATH\CodeIgniter.php(355): CodeIgniter\CodeIgniter->handleRequest(null, Object(Config\Cache), false)
 8 SYSTEMPATH\Boot.php(334): CodeIgniter\CodeIgniter->run()
 9 SYSTEMPATH\Boot.php(67): CodeIgniter\Boot::runCodeIgniter(Object(CodeIgniter\CodeIgniter))
10 FCPATH\index.php(56): CodeIgniter\Boot::bootWeb(Object(Config\Paths))
CRITICAL - 2025-01-17 02:10:36 --> Error: Class "Codeigniter\Model" not found
[Method: GET, Route: /]
in APPPATH\Models\CrudArtistaModel.php on line 5.
 1 SYSTEMPATH\Autoloader\Autoloader.php(316): include_once()
 2 SYSTEMPATH\Autoloader\Autoloader.php(295): CodeIgniter\Autoloader\Autoloader->includeFile('C:\\xampp\\htdocs\\galeryart\\app\\Models\\CrudArtistaModel.php')
 3 SYSTEMPATH\Autoloader\Autoloader.php(271): CodeIgniter\Autoloader\Autoloader->loadInNamespace('App\\Models\\CrudArtistaModel')
 4 APPPATH\Controllers\CrudArtista.php(13): CodeIgniter\Autoloader\Autoloader->loadClass('App\\Models\\CrudArtistaModel')
 5 SYSTEMPATH\CodeIgniter.php(933): App\Controllers\CrudArtista->index()
 6 SYSTEMPATH\CodeIgniter.php(509): CodeIgniter\CodeIgniter->runController(Object(App\Controllers\CrudArtista))
 7 SYSTEMPATH\CodeIgniter.php(355): CodeIgniter\CodeIgniter->handleRequest(null, Object(Config\Cache), false)
 8 SYSTEMPATH\Boot.php(334): CodeIgniter\CodeIgniter->run()
 9 SYSTEMPATH\Boot.php(67): CodeIgniter\Boot::runCodeIgniter(Object(CodeIgniter\CodeIgniter))
10 FCPATH\index.php(56): CodeIgniter\Boot::bootWeb(Object(Config\Paths))
CRITICAL - 2025-01-17 02:12:16 --> Error: Class "Codeigniter\Model" not found
[Method: GET, Route: /]
in APPPATH\Models\CrudArtistaModel.php on line 5.
 1 SYSTEMPATH\Autoloader\Autoloader.php(316): include_once()
 2 SYSTEMPATH\Autoloader\Autoloader.php(295): CodeIgniter\Autoloader\Autoloader->includeFile('C:\\xampp\\htdocs\\galeryart\\app\\Models\\CrudArtistaModel.php')
 3 SYSTEMPATH\Autoloader\Autoloader.php(271): CodeIgniter\Autoloader\Autoloader->loadInNamespace('App\\Models\\CrudArtistaModel')
 4 APPPATH\Controllers\CrudArtista.php(13): CodeIgniter\Autoloader\Autoloader->loadClass('App\\Models\\CrudArtistaModel')
 5 SYSTEMPATH\CodeIgniter.php(933): App\Controllers\CrudArtista->index()
 6 SYSTEMPATH\CodeIgniter.php(509): CodeIgniter\CodeIgniter->runController(Object(App\Controllers\CrudArtista))
 7 SYSTEMPATH\CodeIgniter.php(355): CodeIgniter\CodeIgniter->handleRequest(null, Object(Config\Cache), false)
 8 SYSTEMPATH\Boot.php(334): CodeIgniter\CodeIgniter->run()
 9 SYSTEMPATH\Boot.php(67): CodeIgniter\Boot::runCodeIgniter(Object(CodeIgniter\CodeIgniter))
10 FCPATH\index.php(56): CodeIgniter\Boot::bootWeb(Object(Config\Paths))
CRITICAL - 2025-01-17 02:12:17 --> Error: Class "Codeigniter\Model" not found
[Method: GET, Route: /]
in APPPATH\Models\CrudArtistaModel.php on line 5.
 1 SYSTEMPATH\Autoloader\Autoloader.php(316): include_once()
 2 SYSTEMPATH\Autoloader\Autoloader.php(295): CodeIgniter\Autoloader\Autoloader->includeFile('C:\\xampp\\htdocs\\galeryart\\app\\Models\\CrudArtistaModel.php')
 3 SYSTEMPATH\Autoloader\Autoloader.php(271): CodeIgniter\Autoloader\Autoloader->loadInNamespace('App\\Models\\CrudArtistaModel')
 4 APPPATH\Controllers\CrudArtista.php(13): CodeIgniter\Autoloader\Autoloader->loadClass('App\\Models\\CrudArtistaModel')
 5 SYSTEMPATH\CodeIgniter.php(933): App\Controllers\CrudArtista->index()
 6 SYSTEMPATH\CodeIgniter.php(509): CodeIgniter\CodeIgniter->runController(Object(App\Controllers\CrudArtista))
 7 SYSTEMPATH\CodeIgniter.php(355): CodeIgniter\CodeIgniter->handleRequest(null, Object(Config\Cache), false)
 8 SYSTEMPATH\Boot.php(334): CodeIgniter\CodeIgniter->run()
 9 SYSTEMPATH\Boot.php(67): CodeIgniter\Boot::runCodeIgniter(Object(CodeIgniter\CodeIgniter))
10 FCPATH\index.php(56): CodeIgniter\Boot::bootWeb(Object(Config\Paths))
CRITICAL - 2025-01-17 02:12:17 --> Error: Class "Codeigniter\Model" not found
[Method: GET, Route: /]
in APPPATH\Models\CrudArtistaModel.php on line 5.
 1 SYSTEMPATH\Autoloader\Autoloader.php(316): include_once()
 2 SYSTEMPATH\Autoloader\Autoloader.php(295): CodeIgniter\Autoloader\Autoloader->includeFile('C:\\xampp\\htdocs\\galeryart\\app\\Models\\CrudArtistaModel.php')
 3 SYSTEMPATH\Autoloader\Autoloader.php(271): CodeIgniter\Autoloader\Autoloader->loadInNamespace('App\\Models\\CrudArtistaModel')
 4 APPPATH\Controllers\CrudArtista.php(13): CodeIgniter\Autoloader\Autoloader->loadClass('App\\Models\\CrudArtistaModel')
 5 SYSTEMPATH\CodeIgniter.php(933): App\Controllers\CrudArtista->index()
 6 SYSTEMPATH\CodeIgniter.php(509): CodeIgniter\CodeIgniter->runController(Object(App\Controllers\CrudArtista))
 7 SYSTEMPATH\CodeIgniter.php(355): CodeIgniter\CodeIgniter->handleRequest(null, Object(Config\Cache), false)
 8 SYSTEMPATH\Boot.php(334): CodeIgniter\CodeIgniter->run()
 9 SYSTEMPATH\Boot.php(67): CodeIgniter\Boot::runCodeIgniter(Object(CodeIgniter\CodeIgniter))
10 FCPATH\index.php(56): CodeIgniter\Boot::bootWeb(Object(Config\Paths))
CRITICAL - 2025-01-17 02:12:17 --> Error: Class "Codeigniter\Model" not found
[Method: GET, Route: /]
in APPPATH\Models\CrudArtistaModel.php on line 5.
 1 SYSTEMPATH\Autoloader\Autoloader.php(316): include_once()
 2 SYSTEMPATH\Autoloader\Autoloader.php(295): CodeIgniter\Autoloader\Autoloader->includeFile('C:\\xampp\\htdocs\\galeryart\\app\\Models\\CrudArtistaModel.php')
 3 SYSTEMPATH\Autoloader\Autoloader.php(271): CodeIgniter\Autoloader\Autoloader->loadInNamespace('App\\Models\\CrudArtistaModel')
 4 APPPATH\Controllers\CrudArtista.php(13): CodeIgniter\Autoloader\Autoloader->loadClass('App\\Models\\CrudArtistaModel')
 5 SYSTEMPATH\CodeIgniter.php(933): App\Controllers\CrudArtista->index()
 6 SYSTEMPATH\CodeIgniter.php(509): CodeIgniter\CodeIgniter->runController(Object(App\Controllers\CrudArtista))
 7 SYSTEMPATH\CodeIgniter.php(355): CodeIgniter\CodeIgniter->handleRequest(null, Object(Config\Cache), false)
 8 SYSTEMPATH\Boot.php(334): CodeIgniter\CodeIgniter->run()
 9 SYSTEMPATH\Boot.php(67): CodeIgniter\Boot::runCodeIgniter(Object(CodeIgniter\CodeIgniter))
10 FCPATH\index.php(56): CodeIgniter\Boot::bootWeb(Object(Config\Paths))
CRITICAL - 2025-01-17 02:12:17 --> Error: Class "Codeigniter\Model" not found
[Method: GET, Route: /]
in APPPATH\Models\CrudArtistaModel.php on line 5.
 1 SYSTEMPATH\Autoloader\Autoloader.php(316): include_once()
 2 SYSTEMPATH\Autoloader\Autoloader.php(295): CodeIgniter\Autoloader\Autoloader->includeFile('C:\\xampp\\htdocs\\galeryart\\app\\Models\\CrudArtistaModel.php')
 3 SYSTEMPATH\Autoloader\Autoloader.php(271): CodeIgniter\Autoloader\Autoloader->loadInNamespace('App\\Models\\CrudArtistaModel')
 4 APPPATH\Controllers\CrudArtista.php(13): CodeIgniter\Autoloader\Autoloader->loadClass('App\\Models\\CrudArtistaModel')
 5 SYSTEMPATH\CodeIgniter.php(933): App\Controllers\CrudArtista->index()
 6 SYSTEMPATH\CodeIgniter.php(509): CodeIgniter\CodeIgniter->runController(Object(App\Controllers\CrudArtista))
 7 SYSTEMPATH\CodeIgniter.php(355): CodeIgniter\CodeIgniter->handleRequest(null, Object(Config\Cache), false)
 8 SYSTEMPATH\Boot.php(334): CodeIgniter\CodeIgniter->run()
 9 SYSTEMPATH\Boot.php(67): CodeIgniter\Boot::runCodeIgniter(Object(CodeIgniter\CodeIgniter))
10 FCPATH\index.php(56): CodeIgniter\Boot::bootWeb(Object(Config\Paths))
CRITICAL - 2025-01-17 02:12:17 --> Error: Class "Codeigniter\Model" not found
[Method: GET, Route: /]
in APPPATH\Models\CrudArtistaModel.php on line 5.
 1 SYSTEMPATH\Autoloader\Autoloader.php(316): include_once()
 2 SYSTEMPATH\Autoloader\Autoloader.php(295): CodeIgniter\Autoloader\Autoloader->includeFile('C:\\xampp\\htdocs\\galeryart\\app\\Models\\CrudArtistaModel.php')
 3 SYSTEMPATH\Autoloader\Autoloader.php(271): CodeIgniter\Autoloader\Autoloader->loadInNamespace('App\\Models\\CrudArtistaModel')
 4 APPPATH\Controllers\CrudArtista.php(13): CodeIgniter\Autoloader\Autoloader->loadClass('App\\Models\\CrudArtistaModel')
 5 SYSTEMPATH\CodeIgniter.php(933): App\Controllers\CrudArtista->index()
 6 SYSTEMPATH\CodeIgniter.php(509): CodeIgniter\CodeIgniter->runController(Object(App\Controllers\CrudArtista))
 7 SYSTEMPATH\CodeIgniter.php(355): CodeIgniter\CodeIgniter->handleRequest(null, Object(Config\Cache), false)
 8 SYSTEMPATH\Boot.php(334): CodeIgniter\CodeIgniter->run()
 9 SYSTEMPATH\Boot.php(67): CodeIgniter\Boot::runCodeIgniter(Object(CodeIgniter\CodeIgniter))
10 FCPATH\index.php(56): CodeIgniter\Boot::bootWeb(Object(Config\Paths))
CRITICAL - 2025-01-17 02:13:17 --> Error: Class "Codeigniter\Model" not found
[Method: GET, Route: /]
in APPPATH\Models\CrudArtistaModel.php on line 5.
 1 SYSTEMPATH\Autoloader\Autoloader.php(316): include_once()
 2 SYSTEMPATH\Autoloader\Autoloader.php(295): CodeIgniter\Autoloader\Autoloader->includeFile('C:\\xampp\\htdocs\\galeryart\\app\\Models\\CrudArtistaModel.php')
 3 SYSTEMPATH\Autoloader\Autoloader.php(271): CodeIgniter\Autoloader\Autoloader->loadInNamespace('App\\Models\\CrudArtistaModel')
 4 APPPATH\Controllers\CrudArtista.php(13): CodeIgniter\Autoloader\Autoloader->loadClass('App\\Models\\CrudArtistaModel')
 5 SYSTEMPATH\CodeIgniter.php(933): App\Controllers\CrudArtista->index()
 6 SYSTEMPATH\CodeIgniter.php(509): CodeIgniter\CodeIgniter->runController(Object(App\Controllers\CrudArtista))
 7 SYSTEMPATH\CodeIgniter.php(355): CodeIgniter\CodeIgniter->handleRequest(null, Object(Config\Cache), false)
 8 SYSTEMPATH\Boot.php(334): CodeIgniter\CodeIgniter->run()
 9 SYSTEMPATH\Boot.php(67): CodeIgniter\Boot::runCodeIgniter(Object(CodeIgniter\CodeIgniter))
10 FCPATH\index.php(56): CodeIgniter\Boot::bootWeb(Object(Config\Paths))
CRITICAL - 2025-01-17 02:13:18 --> Error: Class "Codeigniter\Model" not found
[Method: GET, Route: /]
in APPPATH\Models\CrudArtistaModel.php on line 5.
 1 SYSTEMPATH\Autoloader\Autoloader.php(316): include_once()
 2 SYSTEMPATH\Autoloader\Autoloader.php(295): CodeIgniter\Autoloader\Autoloader->includeFile('C:\\xampp\\htdocs\\galeryart\\app\\Models\\CrudArtistaModel.php')
 3 SYSTEMPATH\Autoloader\Autoloader.php(271): CodeIgniter\Autoloader\Autoloader->loadInNamespace('App\\Models\\CrudArtistaModel')
 4 APPPATH\Controllers\CrudArtista.php(13): CodeIgniter\Autoloader\Autoloader->loadClass('App\\Models\\CrudArtistaModel')
 5 SYSTEMPATH\CodeIgniter.php(933): App\Controllers\CrudArtista->index()
 6 SYSTEMPATH\CodeIgniter.php(509): CodeIgniter\CodeIgniter->runController(Object(App\Controllers\CrudArtista))
 7 SYSTEMPATH\CodeIgniter.php(355): CodeIgniter\CodeIgniter->handleRequest(null, Object(Config\Cache), false)
 8 SYSTEMPATH\Boot.php(334): CodeIgniter\CodeIgniter->run()
 9 SYSTEMPATH\Boot.php(67): CodeIgniter\Boot::runCodeIgniter(Object(CodeIgniter\CodeIgniter))
10 FCPATH\index.php(56): CodeIgniter\Boot::bootWeb(Object(Config\Paths))
CRITICAL - 2025-01-17 02:13:18 --> Error: Class "Codeigniter\Model" not found
[Method: GET, Route: /]
in APPPATH\Models\CrudArtistaModel.php on line 5.
 1 SYSTEMPATH\Autoloader\Autoloader.php(316): include_once()
 2 SYSTEMPATH\Autoloader\Autoloader.php(295): CodeIgniter\Autoloader\Autoloader->includeFile('C:\\xampp\\htdocs\\galeryart\\app\\Models\\CrudArtistaModel.php')
 3 SYSTEMPATH\Autoloader\Autoloader.php(271): CodeIgniter\Autoloader\Autoloader->loadInNamespace('App\\Models\\CrudArtistaModel')
 4 APPPATH\Controllers\CrudArtista.php(13): CodeIgniter\Autoloader\Autoloader->loadClass('App\\Models\\CrudArtistaModel')
 5 SYSTEMPATH\CodeIgniter.php(933): App\Controllers\CrudArtista->index()
 6 SYSTEMPATH\CodeIgniter.php(509): CodeIgniter\CodeIgniter->runController(Object(App\Controllers\CrudArtista))
 7 SYSTEMPATH\CodeIgniter.php(355): CodeIgniter\CodeIgniter->handleRequest(null, Object(Config\Cache), false)
 8 SYSTEMPATH\Boot.php(334): CodeIgniter\CodeIgniter->run()
 9 SYSTEMPATH\Boot.php(67): CodeIgniter\Boot::runCodeIgniter(Object(CodeIgniter\CodeIgniter))
10 FCPATH\index.php(56): CodeIgniter\Boot::bootWeb(Object(Config\Paths))
CRITICAL - 2025-01-17 02:13:19 --> Error: Class "Codeigniter\Model" not found
[Method: GET, Route: /]
in APPPATH\Models\CrudArtistaModel.php on line 5.
 1 SYSTEMPATH\Autoloader\Autoloader.php(316): include_once()
 2 SYSTEMPATH\Autoloader\Autoloader.php(295): CodeIgniter\Autoloader\Autoloader->includeFile('C:\\xampp\\htdocs\\galeryart\\app\\Models\\CrudArtistaModel.php')
 3 SYSTEMPATH\Autoloader\Autoloader.php(271): CodeIgniter\Autoloader\Autoloader->loadInNamespace('App\\Models\\CrudArtistaModel')
 4 APPPATH\Controllers\CrudArtista.php(13): CodeIgniter\Autoloader\Autoloader->loadClass('App\\Models\\CrudArtistaModel')
 5 SYSTEMPATH\CodeIgniter.php(933): App\Controllers\CrudArtista->index()
 6 SYSTEMPATH\CodeIgniter.php(509): CodeIgniter\CodeIgniter->runController(Object(App\Controllers\CrudArtista))
 7 SYSTEMPATH\CodeIgniter.php(355): CodeIgniter\CodeIgniter->handleRequest(null, Object(Config\Cache), false)
 8 SYSTEMPATH\Boot.php(334): CodeIgniter\CodeIgniter->run()
 9 SYSTEMPATH\Boot.php(67): CodeIgniter\Boot::runCodeIgniter(Object(CodeIgniter\CodeIgniter))
10 FCPATH\index.php(56): CodeIgniter\Boot::bootWeb(Object(Config\Paths))
CRITICAL - 2025-01-17 02:13:19 --> Error: Class "Codeigniter\Model" not found
[Method: GET, Route: /]
in APPPATH\Models\CrudArtistaModel.php on line 5.
 1 SYSTEMPATH\Autoloader\Autoloader.php(316): include_once()
 2 SYSTEMPATH\Autoloader\Autoloader.php(295): CodeIgniter\Autoloader\Autoloader->includeFile('C:\\xampp\\htdocs\\galeryart\\app\\Models\\CrudArtistaModel.php')
 3 SYSTEMPATH\Autoloader\Autoloader.php(271): CodeIgniter\Autoloader\Autoloader->loadInNamespace('App\\Models\\CrudArtistaModel')
 4 APPPATH\Controllers\CrudArtista.php(13): CodeIgniter\Autoloader\Autoloader->loadClass('App\\Models\\CrudArtistaModel')
 5 SYSTEMPATH\CodeIgniter.php(933): App\Controllers\CrudArtista->index()
 6 SYSTEMPATH\CodeIgniter.php(509): CodeIgniter\CodeIgniter->runController(Object(App\Controllers\CrudArtista))
 7 SYSTEMPATH\CodeIgniter.php(355): CodeIgniter\CodeIgniter->handleRequest(null, Object(Config\Cache), false)
 8 SYSTEMPATH\Boot.php(334): CodeIgniter\CodeIgniter->run()
 9 SYSTEMPATH\Boot.php(67): CodeIgniter\Boot::runCodeIgniter(Object(CodeIgniter\CodeIgniter))
10 FCPATH\index.php(56): CodeIgniter\Boot::bootWeb(Object(Config\Paths))
CRITICAL - 2025-01-17 02:13:19 --> Error: Class "Codeigniter\Model" not found
[Method: GET, Route: /]
in APPPATH\Models\CrudArtistaModel.php on line 5.
 1 SYSTEMPATH\Autoloader\Autoloader.php(316): include_once()
 2 SYSTEMPATH\Autoloader\Autoloader.php(295): CodeIgniter\Autoloader\Autoloader->includeFile('C:\\xampp\\htdocs\\galeryart\\app\\Models\\CrudArtistaModel.php')
 3 SYSTEMPATH\Autoloader\Autoloader.php(271): CodeIgniter\Autoloader\Autoloader->loadInNamespace('App\\Models\\CrudArtistaModel')
 4 APPPATH\Controllers\CrudArtista.php(13): CodeIgniter\Autoloader\Autoloader->loadClass('App\\Models\\CrudArtistaModel')
 5 SYSTEMPATH\CodeIgniter.php(933): App\Controllers\CrudArtista->index()
 6 SYSTEMPATH\CodeIgniter.php(509): CodeIgniter\CodeIgniter->runController(Object(App\Controllers\CrudArtista))
 7 SYSTEMPATH\CodeIgniter.php(355): CodeIgniter\CodeIgniter->handleRequest(null, Object(Config\Cache), false)
 8 SYSTEMPATH\Boot.php(334): CodeIgniter\CodeIgniter->run()
 9 SYSTEMPATH\Boot.php(67): CodeIgniter\Boot::runCodeIgniter(Object(CodeIgniter\CodeIgniter))
10 FCPATH\index.php(56): CodeIgniter\Boot::bootWeb(Object(Config\Paths))
CRITICAL - 2025-01-17 02:14:01 --> Error: Class "Codeigniter\Model" not found
[Method: GET, Route: /]
in APPPATH\Models\CrudArtistaModel.php on line 5.
 1 SYSTEMPATH\Autoloader\Autoloader.php(316): include_once()
 2 SYSTEMPATH\Autoloader\Autoloader.php(295): CodeIgniter\Autoloader\Autoloader->includeFile('C:\\xampp\\htdocs\\galeryart\\app\\Models\\CrudArtistaModel.php')
 3 SYSTEMPATH\Autoloader\Autoloader.php(271): CodeIgniter\Autoloader\Autoloader->loadInNamespace('App\\Models\\CrudArtistaModel')
 4 APPPATH\Controllers\CrudArtista.php(13): CodeIgniter\Autoloader\Autoloader->loadClass('App\\Models\\CrudArtistaModel')
 5 SYSTEMPATH\CodeIgniter.php(933): App\Controllers\CrudArtista->index()
 6 SYSTEMPATH\CodeIgniter.php(509): CodeIgniter\CodeIgniter->runController(Object(App\Controllers\CrudArtista))
 7 SYSTEMPATH\CodeIgniter.php(355): CodeIgniter\CodeIgniter->handleRequest(null, Object(Config\Cache), false)
 8 SYSTEMPATH\Boot.php(334): CodeIgniter\CodeIgniter->run()
 9 SYSTEMPATH\Boot.php(67): CodeIgniter\Boot::runCodeIgniter(Object(CodeIgniter\CodeIgniter))
10 FCPATH\index.php(56): CodeIgniter\Boot::bootWeb(Object(Config\Paths))
CRITICAL - 2025-01-17 02:14:02 --> Error: Class "Codeigniter\Model" not found
[Method: GET, Route: /]
in APPPATH\Models\CrudArtistaModel.php on line 5.
 1 SYSTEMPATH\Autoloader\Autoloader.php(316): include_once()
 2 SYSTEMPATH\Autoloader\Autoloader.php(295): CodeIgniter\Autoloader\Autoloader->includeFile('C:\\xampp\\htdocs\\galeryart\\app\\Models\\CrudArtistaModel.php')
 3 SYSTEMPATH\Autoloader\Autoloader.php(271): CodeIgniter\Autoloader\Autoloader->loadInNamespace('App\\Models\\CrudArtistaModel')
 4 APPPATH\Controllers\CrudArtista.php(13): CodeIgniter\Autoloader\Autoloader->loadClass('App\\Models\\CrudArtistaModel')
 5 SYSTEMPATH\CodeIgniter.php(933): App\Controllers\CrudArtista->index()
 6 SYSTEMPATH\CodeIgniter.php(509): CodeIgniter\CodeIgniter->runController(Object(App\Controllers\CrudArtista))
 7 SYSTEMPATH\CodeIgniter.php(355): CodeIgniter\CodeIgniter->handleRequest(null, Object(Config\Cache), false)
 8 SYSTEMPATH\Boot.php(334): CodeIgniter\CodeIgniter->run()
 9 SYSTEMPATH\Boot.php(67): CodeIgniter\Boot::runCodeIgniter(Object(CodeIgniter\CodeIgniter))
10 FCPATH\index.php(56): CodeIgniter\Boot::bootWeb(Object(Config\Paths))
CRITICAL - 2025-01-17 02:14:02 --> Error: Class "Codeigniter\Model" not found
[Method: GET, Route: /]
in APPPATH\Models\CrudArtistaModel.php on line 5.
 1 SYSTEMPATH\Autoloader\Autoloader.php(316): include_once()
 2 SYSTEMPATH\Autoloader\Autoloader.php(295): CodeIgniter\Autoloader\Autoloader->includeFile('C:\\xampp\\htdocs\\galeryart\\app\\Models\\CrudArtistaModel.php')
 3 SYSTEMPATH\Autoloader\Autoloader.php(271): CodeIgniter\Autoloader\Autoloader->loadInNamespace('App\\Models\\CrudArtistaModel')
 4 APPPATH\Controllers\CrudArtista.php(13): CodeIgniter\Autoloader\Autoloader->loadClass('App\\Models\\CrudArtistaModel')
 5 SYSTEMPATH\CodeIgniter.php(933): App\Controllers\CrudArtista->index()
 6 SYSTEMPATH\CodeIgniter.php(509): CodeIgniter\CodeIgniter->runController(Object(App\Controllers\CrudArtista))
 7 SYSTEMPATH\CodeIgniter.php(355): CodeIgniter\CodeIgniter->handleRequest(null, Object(Config\Cache), false)
 8 SYSTEMPATH\Boot.php(334): CodeIgniter\CodeIgniter->run()
 9 SYSTEMPATH\Boot.php(67): CodeIgniter\Boot::runCodeIgniter(Object(CodeIgniter\CodeIgniter))
10 FCPATH\index.php(56): CodeIgniter\Boot::bootWeb(Object(Config\Paths))
CRITICAL - 2025-01-17 02:14:02 --> Error: Class "Codeigniter\Model" not found
[Method: GET, Route: /]
in APPPATH\Models\CrudArtistaModel.php on line 5.
 1 SYSTEMPATH\Autoloader\Autoloader.php(316): include_once()
 2 SYSTEMPATH\Autoloader\Autoloader.php(295): CodeIgniter\Autoloader\Autoloader->includeFile('C:\\xampp\\htdocs\\galeryart\\app\\Models\\CrudArtistaModel.php')
 3 SYSTEMPATH\Autoloader\Autoloader.php(271): CodeIgniter\Autoloader\Autoloader->loadInNamespace('App\\Models\\CrudArtistaModel')
 4 APPPATH\Controllers\CrudArtista.php(13): CodeIgniter\Autoloader\Autoloader->loadClass('App\\Models\\CrudArtistaModel')
 5 SYSTEMPATH\CodeIgniter.php(933): App\Controllers\CrudArtista->index()
 6 SYSTEMPATH\CodeIgniter.php(509): CodeIgniter\CodeIgniter->runController(Object(App\Controllers\CrudArtista))
 7 SYSTEMPATH\CodeIgniter.php(355): CodeIgniter\CodeIgniter->handleRequest(null, Object(Config\Cache), false)
 8 SYSTEMPATH\Boot.php(334): CodeIgniter\CodeIgniter->run()
 9 SYSTEMPATH\Boot.php(67): CodeIgniter\Boot::runCodeIgniter(Object(CodeIgniter\CodeIgniter))
10 FCPATH\index.php(56): CodeIgniter\Boot::bootWeb(Object(Config\Paths))
CRITICAL - 2025-01-17 02:14:02 --> Error: Class "Codeigniter\Model" not found
[Method: GET, Route: /]
in APPPATH\Models\CrudArtistaModel.php on line 5.
 1 SYSTEMPATH\Autoloader\Autoloader.php(316): include_once()
 2 SYSTEMPATH\Autoloader\Autoloader.php(295): CodeIgniter\Autoloader\Autoloader->includeFile('C:\\xampp\\htdocs\\galeryart\\app\\Models\\CrudArtistaModel.php')
 3 SYSTEMPATH\Autoloader\Autoloader.php(271): CodeIgniter\Autoloader\Autoloader->loadInNamespace('App\\Models\\CrudArtistaModel')
 4 APPPATH\Controllers\CrudArtista.php(13): CodeIgniter\Autoloader\Autoloader->loadClass('App\\Models\\CrudArtistaModel')
 5 SYSTEMPATH\CodeIgniter.php(933): App\Controllers\CrudArtista->index()
 6 SYSTEMPATH\CodeIgniter.php(509): CodeIgniter\CodeIgniter->runController(Object(App\Controllers\CrudArtista))
 7 SYSTEMPATH\CodeIgniter.php(355): CodeIgniter\CodeIgniter->handleRequest(null, Object(Config\Cache), false)
 8 SYSTEMPATH\Boot.php(334): CodeIgniter\CodeIgniter->run()
 9 SYSTEMPATH\Boot.php(67): CodeIgniter\Boot::runCodeIgniter(Object(CodeIgniter\CodeIgniter))
10 FCPATH\index.php(56): CodeIgniter\Boot::bootWeb(Object(Config\Paths))
CRITICAL - 2025-01-17 02:14:03 --> Error: Class "Codeigniter\Model" not found
[Method: GET, Route: /]
in APPPATH\Models\CrudArtistaModel.php on line 5.
 1 SYSTEMPATH\Autoloader\Autoloader.php(316): include_once()
 2 SYSTEMPATH\Autoloader\Autoloader.php(295): CodeIgniter\Autoloader\Autoloader->includeFile('C:\\xampp\\htdocs\\galeryart\\app\\Models\\CrudArtistaModel.php')
 3 SYSTEMPATH\Autoloader\Autoloader.php(271): CodeIgniter\Autoloader\Autoloader->loadInNamespace('App\\Models\\CrudArtistaModel')
 4 APPPATH\Controllers\CrudArtista.php(13): CodeIgniter\Autoloader\Autoloader->loadClass('App\\Models\\CrudArtistaModel')
 5 SYSTEMPATH\CodeIgniter.php(933): App\Controllers\CrudArtista->index()
 6 SYSTEMPATH\CodeIgniter.php(509): CodeIgniter\CodeIgniter->runController(Object(App\Controllers\CrudArtista))
 7 SYSTEMPATH\CodeIgniter.php(355): CodeIgniter\CodeIgniter->handleRequest(null, Object(Config\Cache), false)
 8 SYSTEMPATH\Boot.php(334): CodeIgniter\CodeIgniter->run()
 9 SYSTEMPATH\Boot.php(67): CodeIgniter\Boot::runCodeIgniter(Object(CodeIgniter\CodeIgniter))
10 FCPATH\index.php(56): CodeIgniter\Boot::bootWeb(Object(Config\Paths))
CRITICAL - 2025-01-17 02:14:03 --> Error: Class "Codeigniter\Model" not found
[Method: GET, Route: /]
in APPPATH\Models\CrudArtistaModel.php on line 5.
 1 SYSTEMPATH\Autoloader\Autoloader.php(316): include_once()
 2 SYSTEMPATH\Autoloader\Autoloader.php(295): CodeIgniter\Autoloader\Autoloader->includeFile('C:\\xampp\\htdocs\\galeryart\\app\\Models\\CrudArtistaModel.php')
 3 SYSTEMPATH\Autoloader\Autoloader.php(271): CodeIgniter\Autoloader\Autoloader->loadInNamespace('App\\Models\\CrudArtistaModel')
 4 APPPATH\Controllers\CrudArtista.php(13): CodeIgniter\Autoloader\Autoloader->loadClass('App\\Models\\CrudArtistaModel')
 5 SYSTEMPATH\CodeIgniter.php(933): App\Controllers\CrudArtista->index()
 6 SYSTEMPATH\CodeIgniter.php(509): CodeIgniter\CodeIgniter->runController(Object(App\Controllers\CrudArtista))
 7 SYSTEMPATH\CodeIgniter.php(355): CodeIgniter\CodeIgniter->handleRequest(null, Object(Config\Cache), false)
 8 SYSTEMPATH\Boot.php(334): CodeIgniter\CodeIgniter->run()
 9 SYSTEMPATH\Boot.php(67): CodeIgniter\Boot::runCodeIgniter(Object(CodeIgniter\CodeIgniter))
10 FCPATH\index.php(56): CodeIgniter\Boot::bootWeb(Object(Config\Paths))
CRITICAL - 2025-01-17 02:14:52 --> Error: Class "Codeigniter\Model" not found
[Method: GET, Route: /]
in APPPATH\Models\CrudArtistaModel.php on line 5.
 1 SYSTEMPATH\Autoloader\Autoloader.php(316): include_once()
 2 SYSTEMPATH\Autoloader\Autoloader.php(295): CodeIgniter\Autoloader\Autoloader->includeFile('C:\\xampp\\htdocs\\galeryart\\app\\Models\\CrudArtistaModel.php')
 3 SYSTEMPATH\Autoloader\Autoloader.php(271): CodeIgniter\Autoloader\Autoloader->loadInNamespace('App\\Models\\CrudArtistaModel')
 4 APPPATH\Controllers\CrudArtista.php(13): CodeIgniter\Autoloader\Autoloader->loadClass('App\\Models\\CrudArtistaModel')
 5 SYSTEMPATH\CodeIgniter.php(933): App\Controllers\CrudArtista->index()
 6 SYSTEMPATH\CodeIgniter.php(509): CodeIgniter\CodeIgniter->runController(Object(App\Controllers\CrudArtista))
 7 SYSTEMPATH\CodeIgniter.php(355): CodeIgniter\CodeIgniter->handleRequest(null, Object(Config\Cache), false)
 8 SYSTEMPATH\Boot.php(334): CodeIgniter\CodeIgniter->run()
 9 SYSTEMPATH\Boot.php(67): CodeIgniter\Boot::runCodeIgniter(Object(CodeIgniter\CodeIgniter))
10 FCPATH\index.php(56): CodeIgniter\Boot::bootWeb(Object(Config\Paths))
CRITICAL - 2025-01-17 02:15:34 --> Error: Class "Codeigniter\Model" not found
[Method: GET, Route: /]
in APPPATH\Models\CrudArtistaModel.php on line 5.
 1 SYSTEMPATH\Autoloader\Autoloader.php(316): include_once()
 2 SYSTEMPATH\Autoloader\Autoloader.php(295): CodeIgniter\Autoloader\Autoloader->includeFile('C:\\xampp\\htdocs\\galeryart\\app\\Models\\CrudArtistaModel.php')
 3 SYSTEMPATH\Autoloader\Autoloader.php(271): CodeIgniter\Autoloader\Autoloader->loadInNamespace('App\\Models\\CrudArtistaModel')
 4 APPPATH\Controllers\CrudArtista.php(13): CodeIgniter\Autoloader\Autoloader->loadClass('App\\Models\\CrudArtistaModel')
 5 SYSTEMPATH\CodeIgniter.php(933): App\Controllers\CrudArtista->index()
 6 SYSTEMPATH\CodeIgniter.php(509): CodeIgniter\CodeIgniter->runController(Object(App\Controllers\CrudArtista))
 7 SYSTEMPATH\CodeIgniter.php(355): CodeIgniter\CodeIgniter->handleRequest(null, Object(Config\Cache), false)
 8 SYSTEMPATH\Boot.php(334): CodeIgniter\CodeIgniter->run()
 9 SYSTEMPATH\Boot.php(67): CodeIgniter\Boot::runCodeIgniter(Object(CodeIgniter\CodeIgniter))
10 FCPATH\index.php(56): CodeIgniter\Boot::bootWeb(Object(Config\Paths))
CRITICAL - 2025-01-17 02:15:52 --> Error: Class "Codeigniter\Model" not found
[Method: GET, Route: /]
in APPPATH\Models\CrudArtistaModel.php on line 5.
 1 SYSTEMPATH\Autoloader\Autoloader.php(316): include_once()
 2 SYSTEMPATH\Autoloader\Autoloader.php(295): CodeIgniter\Autoloader\Autoloader->includeFile('C:\\xampp\\htdocs\\galeryart\\app\\Models\\CrudArtistaModel.php')
 3 SYSTEMPATH\Autoloader\Autoloader.php(271): CodeIgniter\Autoloader\Autoloader->loadInNamespace('App\\Models\\CrudArtistaModel')
 4 APPPATH\Controllers\CrudArtista.php(13): CodeIgniter\Autoloader\Autoloader->loadClass('App\\Models\\CrudArtistaModel')
 5 SYSTEMPATH\CodeIgniter.php(933): App\Controllers\CrudArtista->index()
 6 SYSTEMPATH\CodeIgniter.php(509): CodeIgniter\CodeIgniter->runController(Object(App\Controllers\CrudArtista))
 7 SYSTEMPATH\CodeIgniter.php(355): CodeIgniter\CodeIgniter->handleRequest(null, Object(Config\Cache), false)
 8 SYSTEMPATH\Boot.php(334): CodeIgniter\CodeIgniter->run()
 9 SYSTEMPATH\Boot.php(67): CodeIgniter\Boot::runCodeIgniter(Object(CodeIgniter\CodeIgniter))
10 FCPATH\index.php(56): CodeIgniter\Boot::bootWeb(Object(Config\Paths))
CRITICAL - 2025-01-17 02:16:04 --> Error: Class "Codeigniter\Model" not found
[Method: GET, Route: /]
in APPPATH\Models\CrudArtistaModel.php on line 5.
 1 SYSTEMPATH\Autoloader\Autoloader.php(316): include_once()
 2 SYSTEMPATH\Autoloader\Autoloader.php(295): CodeIgniter\Autoloader\Autoloader->includeFile('C:\\xampp\\htdocs\\galeryart\\app\\Models\\CrudArtistaModel.php')
 3 SYSTEMPATH\Autoloader\Autoloader.php(271): CodeIgniter\Autoloader\Autoloader->loadInNamespace('App\\Models\\CrudArtistaModel')
 4 APPPATH\Controllers\CrudArtista.php(13): CodeIgniter\Autoloader\Autoloader->loadClass('App\\Models\\CrudArtistaModel')
 5 SYSTEMPATH\CodeIgniter.php(933): App\Controllers\CrudArtista->index()
 6 SYSTEMPATH\CodeIgniter.php(509): CodeIgniter\CodeIgniter->runController(Object(App\Controllers\CrudArtista))
 7 SYSTEMPATH\CodeIgniter.php(355): CodeIgniter\CodeIgniter->handleRequest(null, Object(Config\Cache), false)
 8 SYSTEMPATH\Boot.php(334): CodeIgniter\CodeIgniter->run()
 9 SYSTEMPATH\Boot.php(67): CodeIgniter\Boot::runCodeIgniter(Object(CodeIgniter\CodeIgniter))
10 FCPATH\index.php(56): CodeIgniter\Boot::bootWeb(Object(Config\Paths))
CRITICAL - 2025-01-17 02:16:33 --> Error: Class "Codeigniter\Model" not found
[Method: GET, Route: /]
in APPPATH\Models\CrudArtistaModel.php on line 5.
 1 SYSTEMPATH\Autoloader\Autoloader.php(316): include_once()
 2 SYSTEMPATH\Autoloader\Autoloader.php(295): CodeIgniter\Autoloader\Autoloader->includeFile('C:\\xampp\\htdocs\\galeryart\\app\\Models\\CrudArtistaModel.php')
 3 SYSTEMPATH\Autoloader\Autoloader.php(271): CodeIgniter\Autoloader\Autoloader->loadInNamespace('App\\Models\\CrudArtistaModel')
 4 APPPATH\Controllers\CrudArtista.php(13): CodeIgniter\Autoloader\Autoloader->loadClass('App\\Models\\CrudArtistaModel')
 5 SYSTEMPATH\CodeIgniter.php(933): App\Controllers\CrudArtista->index()
 6 SYSTEMPATH\CodeIgniter.php(509): CodeIgniter\CodeIgniter->runController(Object(App\Controllers\CrudArtista))
 7 SYSTEMPATH\CodeIgniter.php(355): CodeIgniter\CodeIgniter->handleRequest(null, Object(Config\Cache), false)
 8 SYSTEMPATH\Boot.php(334): CodeIgniter\CodeIgniter->run()
 9 SYSTEMPATH\Boot.php(67): CodeIgniter\Boot::runCodeIgniter(Object(CodeIgniter\CodeIgniter))
10 FCPATH\index.php(56): CodeIgniter\Boot::bootWeb(Object(Config\Paths))
CRITICAL - 2025-01-17 02:45:47 --> Error: Class "Codeigniter\Model" not found
[Method: GET, Route: /]
in APPPATH\Models\CrudArtistaModel.php on line 5.
 1 SYSTEMPATH\Autoloader\Autoloader.php(316): include_once()
 2 SYSTEMPATH\Autoloader\Autoloader.php(295): CodeIgniter\Autoloader\Autoloader->includeFile('C:\\xampp\\htdocs\\galeryart\\app\\Models\\CrudArtistaModel.php')
 3 SYSTEMPATH\Autoloader\Autoloader.php(271): CodeIgniter\Autoloader\Autoloader->loadInNamespace('App\\Models\\CrudArtistaModel')
 4 APPPATH\Controllers\CrudArtista.php(12): CodeIgniter\Autoloader\Autoloader->loadClass('App\\Models\\CrudArtistaModel')
 5 SYSTEMPATH\CodeIgniter.php(933): App\Controllers\CrudArtista->index()
 6 SYSTEMPATH\CodeIgniter.php(509): CodeIgniter\CodeIgniter->runController(Object(App\Controllers\CrudArtista))
 7 SYSTEMPATH\CodeIgniter.php(355): CodeIgniter\CodeIgniter->handleRequest(null, Object(Config\Cache), false)
 8 SYSTEMPATH\Boot.php(334): CodeIgniter\CodeIgniter->run()
 9 SYSTEMPATH\Boot.php(67): CodeIgniter\Boot::runCodeIgniter(Object(CodeIgniter\CodeIgniter))
10 FCPATH\index.php(56): CodeIgniter\Boot::bootWeb(Object(Config\Paths))
CRITICAL - 2025-01-17 02:46:16 --> Error: Class "Codeigniter\Model" not found
[Method: GET, Route: /]
in APPPATH\Models\CrudArtistaModel.php on line 5.
 1 SYSTEMPATH\Autoloader\Autoloader.php(316): include_once()
 2 SYSTEMPATH\Autoloader\Autoloader.php(295): CodeIgniter\Autoloader\Autoloader->includeFile('C:\\xampp\\htdocs\\galeryart\\app\\Models\\CrudArtistaModel.php')
 3 SYSTEMPATH\Autoloader\Autoloader.php(271): CodeIgniter\Autoloader\Autoloader->loadInNamespace('App\\Models\\CrudArtistaModel')
 4 APPPATH\Controllers\CrudArtista.php(12): CodeIgniter\Autoloader\Autoloader->loadClass('App\\Models\\CrudArtistaModel')
 5 SYSTEMPATH\CodeIgniter.php(933): App\Controllers\CrudArtista->index()
 6 SYSTEMPATH\CodeIgniter.php(509): CodeIgniter\CodeIgniter->runController(Object(App\Controllers\CrudArtista))
 7 SYSTEMPATH\CodeIgniter.php(355): CodeIgniter\CodeIgniter->handleRequest(null, Object(Config\Cache), false)
 8 SYSTEMPATH\Boot.php(334): CodeIgniter\CodeIgniter->run()
 9 SYSTEMPATH\Boot.php(67): CodeIgniter\Boot::runCodeIgniter(Object(CodeIgniter\CodeIgniter))
10 FCPATH\index.php(56): CodeIgniter\Boot::bootWeb(Object(Config\Paths))
CRITICAL - 2025-01-17 02:46:17 --> Error: Class "Codeigniter\Model" not found
[Method: GET, Route: /]
in APPPATH\Models\CrudArtistaModel.php on line 5.
 1 SYSTEMPATH\Autoloader\Autoloader.php(316): include_once()
 2 SYSTEMPATH\Autoloader\Autoloader.php(295): CodeIgniter\Autoloader\Autoloader->includeFile('C:\\xampp\\htdocs\\galeryart\\app\\Models\\CrudArtistaModel.php')
 3 SYSTEMPATH\Autoloader\Autoloader.php(271): CodeIgniter\Autoloader\Autoloader->loadInNamespace('App\\Models\\CrudArtistaModel')
 4 APPPATH\Controllers\CrudArtista.php(12): CodeIgniter\Autoloader\Autoloader->loadClass('App\\Models\\CrudArtistaModel')
 5 SYSTEMPATH\CodeIgniter.php(933): App\Controllers\CrudArtista->index()
 6 SYSTEMPATH\CodeIgniter.php(509): CodeIgniter\CodeIgniter->runController(Object(App\Controllers\CrudArtista))
 7 SYSTEMPATH\CodeIgniter.php(355): CodeIgniter\CodeIgniter->handleRequest(null, Object(Config\Cache), false)
 8 SYSTEMPATH\Boot.php(334): CodeIgniter\CodeIgniter->run()
 9 SYSTEMPATH\Boot.php(67): CodeIgniter\Boot::runCodeIgniter(Object(CodeIgniter\CodeIgniter))
10 FCPATH\index.php(56): CodeIgniter\Boot::bootWeb(Object(Config\Paths))
CRITICAL - 2025-01-17 02:47:40 --> Error: Class "Codeigniter\Model" not found
[Method: GET, Route: /]
in APPPATH\Models\CrudArtistaModel.php on line 5.
 1 SYSTEMPATH\Autoloader\Autoloader.php(316): include_once()
 2 SYSTEMPATH\Autoloader\Autoloader.php(295): CodeIgniter\Autoloader\Autoloader->includeFile('C:\\xampp\\htdocs\\galeryart\\app\\Models\\CrudArtistaModel.php')
 3 SYSTEMPATH\Autoloader\Autoloader.php(271): CodeIgniter\Autoloader\Autoloader->loadInNamespace('App\\Models\\CrudArtistaModel')
 4 APPPATH\Controllers\CrudArtista.php(13): CodeIgniter\Autoloader\Autoloader->loadClass('App\\Models\\CrudArtistaModel')
 5 SYSTEMPATH\CodeIgniter.php(933): App\Controllers\CrudArtista->index()
 6 SYSTEMPATH\CodeIgniter.php(509): CodeIgniter\CodeIgniter->runController(Object(App\Controllers\CrudArtista))
 7 SYSTEMPATH\CodeIgniter.php(355): CodeIgniter\CodeIgniter->handleRequest(null, Object(Config\Cache), false)
 8 SYSTEMPATH\Boot.php(334): CodeIgniter\CodeIgniter->run()
 9 SYSTEMPATH\Boot.php(67): CodeIgniter\Boot::runCodeIgniter(Object(CodeIgniter\CodeIgniter))
10 FCPATH\index.php(56): CodeIgniter\Boot::bootWeb(Object(Config\Paths))
CRITICAL - 2025-01-17 02:47:41 --> Error: Class "Codeigniter\Model" not found
[Method: GET, Route: /]
in APPPATH\Models\CrudArtistaModel.php on line 5.
 1 SYSTEMPATH\Autoloader\Autoloader.php(316): include_once()
 2 SYSTEMPATH\Autoloader\Autoloader.php(295): CodeIgniter\Autoloader\Autoloader->includeFile('C:\\xampp\\htdocs\\galeryart\\app\\Models\\CrudArtistaModel.php')
 3 SYSTEMPATH\Autoloader\Autoloader.php(271): CodeIgniter\Autoloader\Autoloader->loadInNamespace('App\\Models\\CrudArtistaModel')
 4 APPPATH\Controllers\CrudArtista.php(13): CodeIgniter\Autoloader\Autoloader->loadClass('App\\Models\\CrudArtistaModel')
 5 SYSTEMPATH\CodeIgniter.php(933): App\Controllers\CrudArtista->index()
 6 SYSTEMPATH\CodeIgniter.php(509): CodeIgniter\CodeIgniter->runController(Object(App\Controllers\CrudArtista))
 7 SYSTEMPATH\CodeIgniter.php(355): CodeIgniter\CodeIgniter->handleRequest(null, Object(Config\Cache), false)
 8 SYSTEMPATH\Boot.php(334): CodeIgniter\CodeIgniter->run()
 9 SYSTEMPATH\Boot.php(67): CodeIgniter\Boot::runCodeIgniter(Object(CodeIgniter\CodeIgniter))
10 FCPATH\index.php(56): CodeIgniter\Boot::bootWeb(Object(Config\Paths))
CRITICAL - 2025-01-17 02:49:10 --> Error: Class "Codeigniter\Model" not found
[Method: GET, Route: /]
in APPPATH\Models\CrudArtistaModel.php on line 5.
 1 SYSTEMPATH\Autoloader\Autoloader.php(316): include_once()
 2 SYSTEMPATH\Autoloader\Autoloader.php(295): CodeIgniter\Autoloader\Autoloader->includeFile('C:\\xampp\\htdocs\\galeryart\\app\\Models\\CrudArtistaModel.php')
 3 SYSTEMPATH\Autoloader\Autoloader.php(271): CodeIgniter\Autoloader\Autoloader->loadInNamespace('App\\Models\\CrudArtistaModel')
 4 APPPATH\Controllers\CrudArtista.php(13): CodeIgniter\Autoloader\Autoloader->loadClass('App\\Models\\CrudArtistaModel')
 5 SYSTEMPATH\CodeIgniter.php(933): App\Controllers\CrudArtista->index()
 6 SYSTEMPATH\CodeIgniter.php(509): CodeIgniter\CodeIgniter->runController(Object(App\Controllers\CrudArtista))
 7 SYSTEMPATH\CodeIgniter.php(355): CodeIgniter\CodeIgniter->handleRequest(null, Object(Config\Cache), false)
 8 SYSTEMPATH\Boot.php(334): CodeIgniter\CodeIgniter->run()
 9 SYSTEMPATH\Boot.php(67): CodeIgniter\Boot::runCodeIgniter(Object(CodeIgniter\CodeIgniter))
10 FCPATH\index.php(56): CodeIgniter\Boot::bootWeb(Object(Config\Paths))
CRITICAL - 2025-01-17 02:49:11 --> Error: Class "Codeigniter\Model" not found
[Method: GET, Route: /]
in APPPATH\Models\CrudArtistaModel.php on line 5.
 1 SYSTEMPATH\Autoloader\Autoloader.php(316): include_once()
 2 SYSTEMPATH\Autoloader\Autoloader.php(295): CodeIgniter\Autoloader\Autoloader->includeFile('C:\\xampp\\htdocs\\galeryart\\app\\Models\\CrudArtistaModel.php')
 3 SYSTEMPATH\Autoloader\Autoloader.php(271): CodeIgniter\Autoloader\Autoloader->loadInNamespace('App\\Models\\CrudArtistaModel')
 4 APPPATH\Controllers\CrudArtista.php(13): CodeIgniter\Autoloader\Autoloader->loadClass('App\\Models\\CrudArtistaModel')
 5 SYSTEMPATH\CodeIgniter.php(933): App\Controllers\CrudArtista->index()
 6 SYSTEMPATH\CodeIgniter.php(509): CodeIgniter\CodeIgniter->runController(Object(App\Controllers\CrudArtista))
 7 SYSTEMPATH\CodeIgniter.php(355): CodeIgniter\CodeIgniter->handleRequest(null, Object(Config\Cache), false)
 8 SYSTEMPATH\Boot.php(334): CodeIgniter\CodeIgniter->run()
 9 SYSTEMPATH\Boot.php(67): CodeIgniter\Boot::runCodeIgniter(Object(CodeIgniter\CodeIgniter))
10 FCPATH\index.php(56): CodeIgniter\Boot::bootWeb(Object(Config\Paths))
CRITICAL - 2025-01-17 02:49:11 --> Error: Class "Codeigniter\Model" not found
[Method: GET, Route: /]
in APPPATH\Models\CrudArtistaModel.php on line 5.
 1 SYSTEMPATH\Autoloader\Autoloader.php(316): include_once()
 2 SYSTEMPATH\Autoloader\Autoloader.php(295): CodeIgniter\Autoloader\Autoloader->includeFile('C:\\xampp\\htdocs\\galeryart\\app\\Models\\CrudArtistaModel.php')
 3 SYSTEMPATH\Autoloader\Autoloader.php(271): CodeIgniter\Autoloader\Autoloader->loadInNamespace('App\\Models\\CrudArtistaModel')
 4 APPPATH\Controllers\CrudArtista.php(13): CodeIgniter\Autoloader\Autoloader->loadClass('App\\Models\\CrudArtistaModel')
 5 SYSTEMPATH\CodeIgniter.php(933): App\Controllers\CrudArtista->index()
 6 SYSTEMPATH\CodeIgniter.php(509): CodeIgniter\CodeIgniter->runController(Object(App\Controllers\CrudArtista))
 7 SYSTEMPATH\CodeIgniter.php(355): CodeIgniter\CodeIgniter->handleRequest(null, Object(Config\Cache), false)
 8 SYSTEMPATH\Boot.php(334): CodeIgniter\CodeIgniter->run()
 9 SYSTEMPATH\Boot.php(67): CodeIgniter\Boot::runCodeIgniter(Object(CodeIgniter\CodeIgniter))
10 FCPATH\index.php(56): CodeIgniter\Boot::bootWeb(Object(Config\Paths))
CRITICAL - 2025-01-17 02:49:11 --> Error: Class "Codeigniter\Model" not found
[Method: GET, Route: /]
in APPPATH\Models\CrudArtistaModel.php on line 5.
 1 SYSTEMPATH\Autoloader\Autoloader.php(316): include_once()
 2 SYSTEMPATH\Autoloader\Autoloader.php(295): CodeIgniter\Autoloader\Autoloader->includeFile('C:\\xampp\\htdocs\\galeryart\\app\\Models\\CrudArtistaModel.php')
 3 SYSTEMPATH\Autoloader\Autoloader.php(271): CodeIgniter\Autoloader\Autoloader->loadInNamespace('App\\Models\\CrudArtistaModel')
 4 APPPATH\Controllers\CrudArtista.php(13): CodeIgniter\Autoloader\Autoloader->loadClass('App\\Models\\CrudArtistaModel')
 5 SYSTEMPATH\CodeIgniter.php(933): App\Controllers\CrudArtista->index()
 6 SYSTEMPATH\CodeIgniter.php(509): CodeIgniter\CodeIgniter->runController(Object(App\Controllers\CrudArtista))
 7 SYSTEMPATH\CodeIgniter.php(355): CodeIgniter\CodeIgniter->handleRequest(null, Object(Config\Cache), false)
 8 SYSTEMPATH\Boot.php(334): CodeIgniter\CodeIgniter->run()
 9 SYSTEMPATH\Boot.php(67): CodeIgniter\Boot::runCodeIgniter(Object(CodeIgniter\CodeIgniter))
10 FCPATH\index.php(56): CodeIgniter\Boot::bootWeb(Object(Config\Paths))
CRITICAL - 2025-01-17 02:49:12 --> Error: Class "Codeigniter\Model" not found
[Method: GET, Route: /]
in APPPATH\Models\CrudArtistaModel.php on line 5.
 1 SYSTEMPATH\Autoloader\Autoloader.php(316): include_once()
 2 SYSTEMPATH\Autoloader\Autoloader.php(295): CodeIgniter\Autoloader\Autoloader->includeFile('C:\\xampp\\htdocs\\galeryart\\app\\Models\\CrudArtistaModel.php')
 3 SYSTEMPATH\Autoloader\Autoloader.php(271): CodeIgniter\Autoloader\Autoloader->loadInNamespace('App\\Models\\CrudArtistaModel')
 4 APPPATH\Controllers\CrudArtista.php(13): CodeIgniter\Autoloader\Autoloader->loadClass('App\\Models\\CrudArtistaModel')
 5 SYSTEMPATH\CodeIgniter.php(933): App\Controllers\CrudArtista->index()
 6 SYSTEMPATH\CodeIgniter.php(509): CodeIgniter\CodeIgniter->runController(Object(App\Controllers\CrudArtista))
 7 SYSTEMPATH\CodeIgniter.php(355): CodeIgniter\CodeIgniter->handleRequest(null, Object(Config\Cache), false)
 8 SYSTEMPATH\Boot.php(334): CodeIgniter\CodeIgniter->run()
 9 SYSTEMPATH\Boot.php(67): CodeIgniter\Boot::runCodeIgniter(Object(CodeIgniter\CodeIgniter))
10 FCPATH\index.php(56): CodeIgniter\Boot::bootWeb(Object(Config\Paths))
CRITICAL - 2025-01-17 02:49:12 --> Error: Class "Codeigniter\Model" not found
[Method: GET, Route: /]
in APPPATH\Models\CrudArtistaModel.php on line 5.
 1 SYSTEMPATH\Autoloader\Autoloader.php(316): include_once()
 2 SYSTEMPATH\Autoloader\Autoloader.php(295): CodeIgniter\Autoloader\Autoloader->includeFile('C:\\xampp\\htdocs\\galeryart\\app\\Models\\CrudArtistaModel.php')
 3 SYSTEMPATH\Autoloader\Autoloader.php(271): CodeIgniter\Autoloader\Autoloader->loadInNamespace('App\\Models\\CrudArtistaModel')
 4 APPPATH\Controllers\CrudArtista.php(13): CodeIgniter\Autoloader\Autoloader->loadClass('App\\Models\\CrudArtistaModel')
 5 SYSTEMPATH\CodeIgniter.php(933): App\Controllers\CrudArtista->index()
 6 SYSTEMPATH\CodeIgniter.php(509): CodeIgniter\CodeIgniter->runController(Object(App\Controllers\CrudArtista))
 7 SYSTEMPATH\CodeIgniter.php(355): CodeIgniter\CodeIgniter->handleRequest(null, Object(Config\Cache), false)
 8 SYSTEMPATH\Boot.php(334): CodeIgniter\CodeIgniter->run()
 9 SYSTEMPATH\Boot.php(67): CodeIgniter\Boot::runCodeIgniter(Object(CodeIgniter\CodeIgniter))
10 FCPATH\index.php(56): CodeIgniter\Boot::bootWeb(Object(Config\Paths))
CRITICAL - 2025-01-17 02:49:12 --> Error: Class "Codeigniter\Model" not found
[Method: GET, Route: /]
in APPPATH\Models\CrudArtistaModel.php on line 5.
 1 SYSTEMPATH\Autoloader\Autoloader.php(316): include_once()
 2 SYSTEMPATH\Autoloader\Autoloader.php(295): CodeIgniter\Autoloader\Autoloader->includeFile('C:\\xampp\\htdocs\\galeryart\\app\\Models\\CrudArtistaModel.php')
 3 SYSTEMPATH\Autoloader\Autoloader.php(271): CodeIgniter\Autoloader\Autoloader->loadInNamespace('App\\Models\\CrudArtistaModel')
 4 APPPATH\Controllers\CrudArtista.php(13): CodeIgniter\Autoloader\Autoloader->loadClass('App\\Models\\CrudArtistaModel')
 5 SYSTEMPATH\CodeIgniter.php(933): App\Controllers\CrudArtista->index()
 6 SYSTEMPATH\CodeIgniter.php(509): CodeIgniter\CodeIgniter->runController(Object(App\Controllers\CrudArtista))
 7 SYSTEMPATH\CodeIgniter.php(355): CodeIgniter\CodeIgniter->handleRequest(null, Object(Config\Cache), false)
 8 SYSTEMPATH\Boot.php(334): CodeIgniter\CodeIgniter->run()
 9 SYSTEMPATH\Boot.php(67): CodeIgniter\Boot::runCodeIgniter(Object(CodeIgniter\CodeIgniter))
10 FCPATH\index.php(56): CodeIgniter\Boot::bootWeb(Object(Config\Paths))
CRITICAL - 2025-01-17 02:49:12 --> Error: Class "Codeigniter\Model" not found
[Method: GET, Route: /]
in APPPATH\Models\CrudArtistaModel.php on line 5.
 1 SYSTEMPATH\Autoloader\Autoloader.php(316): include_once()
 2 SYSTEMPATH\Autoloader\Autoloader.php(295): CodeIgniter\Autoloader\Autoloader->includeFile('C:\\xampp\\htdocs\\galeryart\\app\\Models\\CrudArtistaModel.php')
 3 SYSTEMPATH\Autoloader\Autoloader.php(271): CodeIgniter\Autoloader\Autoloader->loadInNamespace('App\\Models\\CrudArtistaModel')
 4 APPPATH\Controllers\CrudArtista.php(13): CodeIgniter\Autoloader\Autoloader->loadClass('App\\Models\\CrudArtistaModel')
 5 SYSTEMPATH\CodeIgniter.php(933): App\Controllers\CrudArtista->index()
 6 SYSTEMPATH\CodeIgniter.php(509): CodeIgniter\CodeIgniter->runController(Object(App\Controllers\CrudArtista))
 7 SYSTEMPATH\CodeIgniter.php(355): CodeIgniter\CodeIgniter->handleRequest(null, Object(Config\Cache), false)
 8 SYSTEMPATH\Boot.php(334): CodeIgniter\CodeIgniter->run()
 9 SYSTEMPATH\Boot.php(67): CodeIgniter\Boot::runCodeIgniter(Object(CodeIgniter\CodeIgniter))
10 FCPATH\index.php(56): CodeIgniter\Boot::bootWeb(Object(Config\Paths))
CRITICAL - 2025-01-17 02:49:13 --> Error: Class "Codeigniter\Model" not found
[Method: GET, Route: /]
in APPPATH\Models\CrudArtistaModel.php on line 5.
 1 SYSTEMPATH\Autoloader\Autoloader.php(316): include_once()
 2 SYSTEMPATH\Autoloader\Autoloader.php(295): CodeIgniter\Autoloader\Autoloader->includeFile('C:\\xampp\\htdocs\\galeryart\\app\\Models\\CrudArtistaModel.php')
 3 SYSTEMPATH\Autoloader\Autoloader.php(271): CodeIgniter\Autoloader\Autoloader->loadInNamespace('App\\Models\\CrudArtistaModel')
 4 APPPATH\Controllers\CrudArtista.php(13): CodeIgniter\Autoloader\Autoloader->loadClass('App\\Models\\CrudArtistaModel')
 5 SYSTEMPATH\CodeIgniter.php(933): App\Controllers\CrudArtista->index()
 6 SYSTEMPATH\CodeIgniter.php(509): CodeIgniter\CodeIgniter->runController(Object(App\Controllers\CrudArtista))
 7 SYSTEMPATH\CodeIgniter.php(355): CodeIgniter\CodeIgniter->handleRequest(null, Object(Config\Cache), false)
 8 SYSTEMPATH\Boot.php(334): CodeIgniter\CodeIgniter->run()
 9 SYSTEMPATH\Boot.php(67): CodeIgniter\Boot::runCodeIgniter(Object(CodeIgniter\CodeIgniter))
10 FCPATH\index.php(56): CodeIgniter\Boot::bootWeb(Object(Config\Paths))
CRITICAL - 2025-01-17 02:49:13 --> Error: Class "Codeigniter\Model" not found
[Method: GET, Route: /]
in APPPATH\Models\CrudArtistaModel.php on line 5.
 1 SYSTEMPATH\Autoloader\Autoloader.php(316): include_once()
 2 SYSTEMPATH\Autoloader\Autoloader.php(295): CodeIgniter\Autoloader\Autoloader->includeFile('C:\\xampp\\htdocs\\galeryart\\app\\Models\\CrudArtistaModel.php')
 3 SYSTEMPATH\Autoloader\Autoloader.php(271): CodeIgniter\Autoloader\Autoloader->loadInNamespace('App\\Models\\CrudArtistaModel')
 4 APPPATH\Controllers\CrudArtista.php(13): CodeIgniter\Autoloader\Autoloader->loadClass('App\\Models\\CrudArtistaModel')
 5 SYSTEMPATH\CodeIgniter.php(933): App\Controllers\CrudArtista->index()
 6 SYSTEMPATH\CodeIgniter.php(509): CodeIgniter\CodeIgniter->runController(Object(App\Controllers\CrudArtista))
 7 SYSTEMPATH\CodeIgniter.php(355): CodeIgniter\CodeIgniter->handleRequest(null, Object(Config\Cache), false)
 8 SYSTEMPATH\Boot.php(334): CodeIgniter\CodeIgniter->run()
 9 SYSTEMPATH\Boot.php(67): CodeIgniter\Boot::runCodeIgniter(Object(CodeIgniter\CodeIgniter))
10 FCPATH\index.php(56): CodeIgniter\Boot::bootWeb(Object(Config\Paths))
CRITICAL - 2025-01-17 03:11:29 --> ParseError: syntax error, unexpected token "}"
[Method: GET, Route: /]
in APPPATH\Controllers\CrudArtista.php on line 25.
 1 SYSTEMPATH\Autoloader\Autoloader.php(295): CodeIgniter\Autoloader\Autoloader->includeFile('C:\\xampp\\htdocs\\galeryart\\app\\Controllers\\CrudArtista.php')
 2 SYSTEMPATH\Autoloader\Autoloader.php(271): CodeIgniter\Autoloader\Autoloader->loadInNamespace('App\\Controllers\\CrudArtista')
 3 [internal function]: CodeIgniter\Autoloader\Autoloader->loadClass('App\\Controllers\\CrudArtista')
 4 SYSTEMPATH\CodeIgniter.php(887): class_exists('\\App\\Controllers\\CrudArtista', true)
 5 SYSTEMPATH\CodeIgniter.php(496): CodeIgniter\CodeIgniter->startController()
 6 SYSTEMPATH\CodeIgniter.php(355): CodeIgniter\CodeIgniter->handleRequest(null, Object(Config\Cache), false)
 7 SYSTEMPATH\Boot.php(334): CodeIgniter\CodeIgniter->run()
 8 SYSTEMPATH\Boot.php(67): CodeIgniter\Boot::runCodeIgniter(Object(CodeIgniter\CodeIgniter))
 9 FCPATH\index.php(56): CodeIgniter\Boot::bootWeb(Object(Config\Paths))
CRITICAL - 2025-01-17 03:15:46 --> TypeError: App\Controllers\CrudArtista::crear(): Return value must be of type string, none returned
[Method: POST, Route: crear]
in APPPATH\Controllers\CrudArtista.php on line 25.
 1 SYSTEMPATH\CodeIgniter.php(933): App\Controllers\CrudArtista->crear()
 2 SYSTEMPATH\CodeIgniter.php(509): CodeIgniter\CodeIgniter->runController(Object(App\Controllers\CrudArtista))
 3 SYSTEMPATH\CodeIgniter.php(355): CodeIgniter\CodeIgniter->handleRequest(null, Object(Config\Cache), false)
 4 SYSTEMPATH\Boot.php(334): CodeIgniter\CodeIgniter->run()
 5 SYSTEMPATH\Boot.php(67): CodeIgniter\Boot::runCodeIgniter(Object(CodeIgniter\CodeIgniter))
 6 FCPATH\index.php(56): CodeIgniter\Boot::bootWeb(Object(Config\Paths))
CRITICAL - 2025-01-17 03:16:04 --> TypeError: App\Controllers\CrudArtista::crear(): Return value must be of type string, none returned
[Method: POST, Route: crear]
in APPPATH\Controllers\CrudArtista.php on line 25.
 1 SYSTEMPATH\CodeIgniter.php(933): App\Controllers\CrudArtista->crear()
 2 SYSTEMPATH\CodeIgniter.php(509): CodeIgniter\CodeIgniter->runController(Object(App\Controllers\CrudArtista))
 3 SYSTEMPATH\CodeIgniter.php(355): CodeIgniter\CodeIgniter->handleRequest(null, Object(Config\Cache), false)
 4 SYSTEMPATH\Boot.php(334): CodeIgniter\CodeIgniter->run()
 5 SYSTEMPATH\Boot.php(67): CodeIgniter\Boot::runCodeIgniter(Object(CodeIgniter\CodeIgniter))
 6 FCPATH\index.php(56): CodeIgniter\Boot::bootWeb(Object(Config\Paths))
CRITICAL - 2025-01-17 03:16:07 --> TypeError: App\Controllers\CrudArtista::crear(): Return value must be of type string, none returned
[Method: POST, Route: crear]
in APPPATH\Controllers\CrudArtista.php on line 25.
 1 SYSTEMPATH\CodeIgniter.php(933): App\Controllers\CrudArtista->crear()
 2 SYSTEMPATH\CodeIgniter.php(509): CodeIgniter\CodeIgniter->runController(Object(App\Controllers\CrudArtista))
 3 SYSTEMPATH\CodeIgniter.php(355): CodeIgniter\CodeIgniter->handleRequest(null, Object(Config\Cache), false)
 4 SYSTEMPATH\Boot.php(334): CodeIgniter\CodeIgniter->run()
 5 SYSTEMPATH\Boot.php(67): CodeIgniter\Boot::runCodeIgniter(Object(CodeIgniter\CodeIgniter))
 6 FCPATH\index.php(56): CodeIgniter\Boot::bootWeb(Object(Config\Paths))
CRITICAL - 2025-01-17 03:25:54 --> TypeError: App\Controllers\CrudArtista::crear(): Return value must be of type string, none returned
[Method: POST, Route: crear]
in APPPATH\Controllers\CrudArtista.php on line 37.
 1 SYSTEMPATH\CodeIgniter.php(933): App\Controllers\CrudArtista->crear()
 2 SYSTEMPATH\CodeIgniter.php(509): CodeIgniter\CodeIgniter->runController(Object(App\Controllers\CrudArtista))
 3 SYSTEMPATH\CodeIgniter.php(355): CodeIgniter\CodeIgniter->handleRequest(null, Object(Config\Cache), false)
 4 SYSTEMPATH\Boot.php(334): CodeIgniter\CodeIgniter->run()
 5 SYSTEMPATH\Boot.php(67): CodeIgniter\Boot::runCodeIgniter(Object(CodeIgniter\CodeIgniter))
 6 FCPATH\index.php(56): CodeIgniter\Boot::bootWeb(Object(Config\Paths))
CRITICAL - 2025-01-17 03:33:53 --> TypeError: App\Controllers\CrudArtista::crear(): Return value must be of type string, CodeIgniter\HTTP\RedirectResponse returned
[Method: POST, Route: crear]
in APPPATH\Controllers\CrudArtista.php on line 38.
 1 SYSTEMPATH\CodeIgniter.php(933): App\Controllers\CrudArtista->crear()
 2 SYSTEMPATH\CodeIgniter.php(509): CodeIgniter\CodeIgniter->runController(Object(App\Controllers\CrudArtista))
 3 SYSTEMPATH\CodeIgniter.php(355): CodeIgniter\CodeIgniter->handleRequest(null, Object(Config\Cache), false)
 4 SYSTEMPATH\Boot.php(334): CodeIgniter\CodeIgniter->run()
 5 SYSTEMPATH\Boot.php(67): CodeIgniter\Boot::runCodeIgniter(Object(CodeIgniter\CodeIgniter))
 6 FCPATH\index.php(56): CodeIgniter\Boot::bootWeb(Object(Config\Paths))
CRITICAL - 2025-01-17 03:34:49 --> TypeError: App\Controllers\CrudArtista::crear(): Return value must be of type string, CodeIgniter\HTTP\RedirectResponse returned
[Method: POST, Route: crear]
in APPPATH\Controllers\CrudArtista.php on line 38.
 1 SYSTEMPATH\CodeIgniter.php(933): App\Controllers\CrudArtista->crear()
 2 SYSTEMPATH\CodeIgniter.php(509): CodeIgniter\CodeIgniter->runController(Object(App\Controllers\CrudArtista))
 3 SYSTEMPATH\CodeIgniter.php(355): CodeIgniter\CodeIgniter->handleRequest(null, Object(Config\Cache), false)
 4 SYSTEMPATH\Boot.php(334): CodeIgniter\CodeIgniter->run()
 5 SYSTEMPATH\Boot.php(67): CodeIgniter\Boot::runCodeIgniter(Object(CodeIgniter\CodeIgniter))
 6 FCPATH\index.php(56): CodeIgniter\Boot::bootWeb(Object(Config\Paths))
CRITICAL - 2025-01-17 03:39:38 --> TypeError: App\Controllers\CrudArtista::crear(): Return value must be of type string, CodeIgniter\HTTP\RedirectResponse returned
[Method: POST, Route: crear]
in APPPATH\Controllers\CrudArtista.php on line 38.
 1 SYSTEMPATH\CodeIgniter.php(933): App\Controllers\CrudArtista->crear()
 2 SYSTEMPATH\CodeIgniter.php(509): CodeIgniter\CodeIgniter->runController(Object(App\Controllers\CrudArtista))
 3 SYSTEMPATH\CodeIgniter.php(355): CodeIgniter\CodeIgniter->handleRequest(null, Object(Config\Cache), false)
 4 SYSTEMPATH\Boot.php(334): CodeIgniter\CodeIgniter->run()
 5 SYSTEMPATH\Boot.php(67): CodeIgniter\Boot::runCodeIgniter(Object(CodeIgniter\CodeIgniter))
 6 FCPATH\index.php(56): CodeIgniter\Boot::bootWeb(Object(Config\Paths))
CRITICAL - 2025-01-17 03:41:55 --> TypeError: App\Controllers\CrudArtista::crear(): Return value must be of type string, CodeIgniter\HTTP\RedirectResponse returned
[Method: POST, Route: crear]
in APPPATH\Controllers\CrudArtista.php on line 38.
 1 SYSTEMPATH\CodeIgniter.php(933): App\Controllers\CrudArtista->crear()
 2 SYSTEMPATH\CodeIgniter.php(509): CodeIgniter\CodeIgniter->runController(Object(App\Controllers\CrudArtista))
 3 SYSTEMPATH\CodeIgniter.php(355): CodeIgniter\CodeIgniter->handleRequest(null, Object(Config\Cache), false)
 4 SYSTEMPATH\Boot.php(334): CodeIgniter\CodeIgniter->run()
 5 SYSTEMPATH\Boot.php(67): CodeIgniter\Boot::runCodeIgniter(Object(CodeIgniter\CodeIgniter))
 6 FCPATH\index.php(56): CodeIgniter\Boot::bootWeb(Object(Config\Paths))
CRITICAL - 2025-01-17 03:42:03 --> TypeError: App\Controllers\CrudArtista::crear(): Return value must be of type string, CodeIgniter\HTTP\RedirectResponse returned
[Method: POST, Route: crear]
in APPPATH\Controllers\CrudArtista.php on line 38.
 1 SYSTEMPATH\CodeIgniter.php(933): App\Controllers\CrudArtista->crear()
 2 SYSTEMPATH\CodeIgniter.php(509): CodeIgniter\CodeIgniter->runController(Object(App\Controllers\CrudArtista))
 3 SYSTEMPATH\CodeIgniter.php(355): CodeIgniter\CodeIgniter->handleRequest(null, Object(Config\Cache), false)
 4 SYSTEMPATH\Boot.php(334): CodeIgniter\CodeIgniter->run()
 5 SYSTEMPATH\Boot.php(67): CodeIgniter\Boot::runCodeIgniter(Object(CodeIgniter\CodeIgniter))
 6 FCPATH\index.php(56): CodeIgniter\Boot::bootWeb(Object(Config\Paths))
CRITICAL - 2025-01-17 03:42:41 --> TypeError: App\Controllers\CrudArtista::crear(): Return value must be of type string, CodeIgniter\HTTP\RedirectResponse returned
[Method: POST, Route: crear]
in APPPATH\Controllers\CrudArtista.php on line 38.
 1 SYSTEMPATH\CodeIgniter.php(933): App\Controllers\CrudArtista->crear()
 2 SYSTEMPATH\CodeIgniter.php(509): CodeIgniter\CodeIgniter->runController(Object(App\Controllers\CrudArtista))
 3 SYSTEMPATH\CodeIgniter.php(355): CodeIgniter\CodeIgniter->handleRequest(null, Object(Config\Cache), false)
 4 SYSTEMPATH\Boot.php(334): CodeIgniter\CodeIgniter->run()
 5 SYSTEMPATH\Boot.php(67): CodeIgniter\Boot::runCodeIgniter(Object(CodeIgniter\CodeIgniter))
 6 FCPATH\index.php(56): CodeIgniter\Boot::bootWeb(Object(Config\Paths))
CRITICAL - 2025-01-17 04:23:25 --> CodeIgniter\HTTP\Exceptions\BadRequestException: The URI you submitted has disallowed characters: "$dato->id_art"
[Method: GET, Route: obtenerArtista/$dato-%3Eid_art]
in SYSTEMPATH\Router\Router.php on line 737.
 1 SYSTEMPATH\Router\Router.php(204): CodeIgniter\Router\Router->checkDisallowedChars('obtenerArtista/$dato->id_art')
 2 SYSTEMPATH\CodeIgniter.php(834): CodeIgniter\Router\Router->handle('obtenerArtista/$dato->id_art')
 3 SYSTEMPATH\CodeIgniter.php(457): CodeIgniter\CodeIgniter->tryToRouteIt(Object(CodeIgniter\Router\RouteCollection))
 4 SYSTEMPATH\CodeIgniter.php(355): CodeIgniter\CodeIgniter->handleRequest(null, Object(Config\Cache), false)
 5 SYSTEMPATH\Boot.php(334): CodeIgniter\CodeIgniter->run()
 6 SYSTEMPATH\Boot.php(67): CodeIgniter\Boot::runCodeIgniter(Object(CodeIgniter\CodeIgniter))
 7 FCPATH\index.php(56): CodeIgniter\Boot::bootWeb(Object(Config\Paths))
CRITICAL - 2025-01-17 04:27:06 --> ErrorException: Undefined array key "imagen_art"
[Method: GET, Route: /]
in APPPATH\Views\listado.php on line 77.
 1 APPPATH\Views\listado.php(77): CodeIgniter\Debug\Exceptions->errorHandler(2, 'Undefined array key "imagen_art"', 'C:\\xampp\\htdocs\\galeryart\\app\\Views\\listado.php', 77)
 2 SYSTEMPATH\View\View.php(234): include('C:\\xampp\\htdocs\\galeryart\\app\\Views\\listado.php')
 3 SYSTEMPATH\View\View.php(237): CodeIgniter\View\View->CodeIgniter\View\{closure}()
 4 SYSTEMPATH\Common.php(1171): CodeIgniter\View\View->render('listado', [], true)
 5 APPPATH\Controllers\CrudArtista.php(22): view('listado', [...])
 6 SYSTEMPATH\CodeIgniter.php(933): App\Controllers\CrudArtista->index()
 7 SYSTEMPATH\CodeIgniter.php(509): CodeIgniter\CodeIgniter->runController(Object(App\Controllers\CrudArtista))
 8 SYSTEMPATH\CodeIgniter.php(355): CodeIgniter\CodeIgniter->handleRequest(null, Object(Config\Cache), false)
 9 SYSTEMPATH\Boot.php(334): CodeIgniter\CodeIgniter->run()
10 SYSTEMPATH\Boot.php(67): CodeIgniter\Boot::runCodeIgniter(Object(CodeIgniter\CodeIgniter))
11 FCPATH\index.php(56): CodeIgniter\Boot::bootWeb(Object(Config\Paths))
CRITICAL - 2025-01-17 04:27:07 --> ErrorException: Undefined array key "imagen_art"
[Method: GET, Route: /]
in APPPATH\Views\listado.php on line 77.
 1 APPPATH\Views\listado.php(77): CodeIgniter\Debug\Exceptions->errorHandler(2, 'Undefined array key "imagen_art"', 'C:\\xampp\\htdocs\\galeryart\\app\\Views\\listado.php', 77)
 2 SYSTEMPATH\View\View.php(234): include('C:\\xampp\\htdocs\\galeryart\\app\\Views\\listado.php')
 3 SYSTEMPATH\View\View.php(237): CodeIgniter\View\View->CodeIgniter\View\{closure}()
 4 SYSTEMPATH\Common.php(1171): CodeIgniter\View\View->render('listado', [], true)
 5 APPPATH\Controllers\CrudArtista.php(22): view('listado', [...])
 6 SYSTEMPATH\CodeIgniter.php(933): App\Controllers\CrudArtista->index()
 7 SYSTEMPATH\CodeIgniter.php(509): CodeIgniter\CodeIgniter->runController(Object(App\Controllers\CrudArtista))
 8 SYSTEMPATH\CodeIgniter.php(355): CodeIgniter\CodeIgniter->handleRequest(null, Object(Config\Cache), false)
 9 SYSTEMPATH\Boot.php(334): CodeIgniter\CodeIgniter->run()
10 SYSTEMPATH\Boot.php(67): CodeIgniter\Boot::runCodeIgniter(Object(CodeIgniter\CodeIgniter))
11 FCPATH\index.php(56): CodeIgniter\Boot::bootWeb(Object(Config\Paths))
